<?xml version="1.0" encoding="UTF-8"?>
<!-- Generated by org.testng.reporters.JUnitReportReporter -->
<testsuite skipped="0" hostname="Home" name="com.qa.crm.testcase.LoginPageTest" tests="2" failures="0" timestamp="20 Sep 2018 09:25:58 GMT" time="29.835" errors="0">
  <testcase name="verifylogo" time="10.836" classname="com.qa.crm.testcase.LoginPageTest"/>
  <testcase name="LoginToHome" time="18.999" classname="com.qa.crm.testcase.LoginPageTest"/>
</testsuite> <!-- com.qa.crm.testcase.LoginPageTest -->
